[debug] [2022-05-06T06:26:40.007Z] ----------------------------------------------------------------------
[debug] [2022-05-06T06:26:40.010Z] Command:       C:\Program Files\nodejs\node.exe C:\Users\PRATIK\AppData\Roaming\npm\node_modules\firebase-tools\lib\bin\firebase.js emulators:start
[debug] [2022-05-06T06:26:40.011Z] CLI Version:   10.7.1
[debug] [2022-05-06T06:26:40.011Z] Platform:      win32
[debug] [2022-05-06T06:26:40.012Z] Node Version:  v16.14.2
[debug] [2022-05-06T06:26:40.077Z] Time:          Fri May 06 2022 11:56:40 GMT+0530 (India Standard Time)
[debug] [2022-05-06T06:26:40.078Z] ----------------------------------------------------------------------
[debug] 
[debug] [2022-05-06T06:26:40.614Z] > command requires scopes: ["email","openid","https://www.googleapis.com/auth/cloudplatformprojects.readonly","https://www.googleapis.com/auth/firebase","https://www.googleapis.com/auth/cloud-platform"]
[debug] [2022-05-06T06:26:40.615Z] > authorizing via signed-in user (pratikkajare826@gmail.com)
[info] i  emulators: Starting emulators: functions, hosting {"metadata":{"emulator":{"name":"hub"},"message":"Starting emulators: functions, hosting"}}
[warn] !  emulators: It seems that you are running multiple instances of the emulator suite for project estore-data. This may result in unexpected behavior. 
[debug] [2022-05-06T06:26:41.166Z] [hub] writing locator at C:\Users\PRATIK\AppData\Local\Temp\hub-estore-data.json
[warn] !  functions: The following emulators are not running, calls to these services from the Functions emulator will affect production: auth, firestore, database, pubsub, storage {"metadata":{"emulator":{"name":"functions"},"message":"The following emulators are not running, calls to these services from the Functions emulator will affect production: \u001b[1mauth, firestore, database, pubsub, storage\u001b[22m"}}
[info] +  functions: Using node@16 from host. {"metadata":{"emulator":{"name":"functions"},"message":"Using node@16 from host."}}
[debug] [2022-05-06T06:26:41.450Z] defaultcredentials: writing to file C:\Users\PRATIK\AppData\Roaming\firebase\pratikkajare826_gmail_com_application_default_credentials.json
[debug] [2022-05-06T06:26:41.584Z] Setting GAC to C:\Users\PRATIK\AppData\Roaming\firebase\pratikkajare826_gmail_com_application_default_credentials.json {"metadata":{"emulator":{"name":"functions"},"message":"Setting GAC to C:\\Users\\PRATIK\\AppData\\Roaming\\firebase\\pratikkajare826_gmail_com_application_default_credentials.json"}}
[debug] [2022-05-06T06:26:41.592Z] >>> [apiv2][query] GET https://firebase.googleapis.com/v1beta1/projects/estore-data/adminSdkConfig [none]
[debug] [2022-05-06T06:26:42.899Z] <<< [apiv2][status] GET https://firebase.googleapis.com/v1beta1/projects/estore-data/adminSdkConfig 200
[debug] [2022-05-06T06:26:42.899Z] <<< [apiv2][body] GET https://firebase.googleapis.com/v1beta1/projects/estore-data/adminSdkConfig {"projectId":"estore-data","storageBucket":"estore-data.appspot.com"}
[debug] [2022-05-06T06:26:43.084Z] >>> [apiv2][query] GET https://firebasehosting.googleapis.com/v1beta1/projects/estore-data/sites 
[debug] [2022-05-06T06:26:45.700Z] <<< [apiv2][status] GET https://firebasehosting.googleapis.com/v1beta1/projects/estore-data/sites 200
[debug] [2022-05-06T06:26:45.701Z] <<< [apiv2][body] GET https://firebasehosting.googleapis.com/v1beta1/projects/estore-data/sites {"sites":[{"name":"projects/estore-data/sites/estore-data","defaultUrl":"https://estore-data.web.app","appId":"1:563588164838:web:28271e5ba4f7d260965f27","type":"DEFAULT_SITE"}]}
[debug] [2022-05-06T06:26:45.701Z] >>> [apiv2][query] GET https://firebase.googleapis.com/v1beta1/projects/estore-data/webApps/1:563588164838:web:28271e5ba4f7d260965f27/config [none]
[debug] [2022-05-06T06:26:47.860Z] <<< [apiv2][status] GET https://firebase.googleapis.com/v1beta1/projects/estore-data/webApps/1:563588164838:web:28271e5ba4f7d260965f27/config 200
[debug] [2022-05-06T06:26:47.861Z] <<< [apiv2][body] GET https://firebase.googleapis.com/v1beta1/projects/estore-data/webApps/1:563588164838:web:28271e5ba4f7d260965f27/config {"projectId":"estore-data","appId":"1:563588164838:web:28271e5ba4f7d260965f27","storageBucket":"estore-data.appspot.com","apiKey":"AIzaSyBTyeCrbqNRQl-jI6PjUYpxLOe0JLiEsPw","authDomain":"estore-data.firebaseapp.com","messagingSenderId":"563588164838","measurementId":"G-7016QJ8CMX"}
[info] i  hosting: Serving hosting files from: build {"metadata":{"emulator":{"name":"hosting"},"message":"Serving hosting files from: \u001b[1mbuild\u001b[22m"}}
[info] +  hosting: Local server: http://localhost:5000 {"metadata":{"emulator":{"name":"hosting"},"message":"Local server: \u001b[4m\u001b[1mhttp://localhost:5000\u001b[22m\u001b[24m"}}
[warn] !  ui: Emulator UI unable to start on port 4000, starting on 4001 instead. {"metadata":{"emulator":{"name":"ui"},"message":"Emulator UI unable to start on port 4000, starting on 4001 instead."}}
[debug] [2022-05-06T06:26:48.287Z] Ignoring unsupported arg: auto_download {"metadata":{"emulator":{"name":"ui"},"message":"Ignoring unsupported arg: auto_download"}}
[debug] [2022-05-06T06:26:48.288Z] Ignoring unsupported arg: port {"metadata":{"emulator":{"name":"ui"},"message":"Ignoring unsupported arg: port"}}
[debug] [2022-05-06T06:26:48.289Z] Starting Emulator UI with command {"binary":"node","args":["C:\\Users\\PRATIK\\.cache\\firebase\\emulators\\ui-v1.6.5\\server.bundle.js"],"optionalArgs":[],"joinArgs":false} {"metadata":{"emulator":{"name":"ui"},"message":"Starting Emulator UI with command {\"binary\":\"node\",\"args\":[\"C:\\\\Users\\\\PRATIK\\\\.cache\\\\firebase\\\\emulators\\\\ui-v1.6.5\\\\server.bundle.js\"],\"optionalArgs\":[],\"joinArgs\":false}"}}
[info] i  ui: Emulator UI logging to ui-debug.log {"metadata":{"emulator":{"name":"ui"},"message":"Emulator UI logging to \u001b[1mui-debug.log\u001b[22m"}}
[debug] [2022-05-06T06:26:48.774Z] Web / API server started at localhost:4001
 {"metadata":{"emulator":{"name":"ui"},"message":"Web / API server started at localhost:4001\n"}}
[info] i  functions: Watching "C:\Users\PRATIK\Documents\react_js\estore\functions" for Cloud Functions... {"metadata":{"emulator":{"name":"functions"},"message":"Watching \"C:\\Users\\PRATIK\\Documents\\react_js\\estore\\functions\" for Cloud Functions..."}}
[debug] [2022-05-06T06:26:48.883Z] Validating nodejs source
[debug] [2022-05-06T06:27:09.321Z] > [functions] package.json contents: {
  "name": "functions",
  "description": "Cloud Functions for Firebase",
  "scripts": {
    "lint": "eslint .",
    "serve": "firebase emulators:start --only functions",
    "shell": "firebase functions:shell",
    "start": "npm run shell",
    "deploy": "firebase deploy --only functions",
    "logs": "firebase functions:log"
  },
  "engines": {
    "node": "16"
  },
  "main": "index.js",
  "dependencies": {
    "cors": "^2.8.5",
    "express": "^4.18.1",
    "firebase-admin": "^10.0.2",
    "firebase-functions": "^3.18.0",
    "stripe": "^8.222.0"
  },
  "devDependencies": {
    "eslint": "^8.9.0",
    "eslint-config-google": "^0.14.0",
    "firebase-functions-test": "^0.2.0"
  },
  "private": true
}
[debug] [2022-05-06T06:27:09.322Z] Building nodejs source
[debug] [2022-05-06T06:27:09.322Z] Analyzing nodejs backend spec
[info] +  functions[us-central1-api]: http function initialized (http://localhost:5001/estore-data/us-central1/api). {"metadata":{"emulator":{"name":"functions"},"message":"\u001b[1mhttp\u001b[22m function initialized (http://localhost:5001/estore-data/us-central1/api)."}}
[info] 
┌─────────────────────────────────────────────────────────────┐
│ ✔  All emulators ready! It is now safe to connect your app. │
│ i  View Emulator UI at http://localhost:4001                │
└─────────────────────────────────────────────────────────────┘

┌───────────┬────────────────┬─────────────────────────────────┐
│ Emulator  │ Host:Port      │ View in Emulator UI             │
├───────────┼────────────────┼─────────────────────────────────┤
│ Functions │ localhost:5001 │ http://localhost:4001/functions │
├───────────┼────────────────┼─────────────────────────────────┤
│ Hosting   │ localhost:5000 │ n/a                             │
└───────────┴────────────────┴─────────────────────────────────┘
  Emulator Hub running at localhost:4400
  Other reserved ports: 4500

Issues? Report them at https://github.com/firebase/firebase-tools/issues and attach the *-debug.log files.
 
[debug] [2022-05-06T06:31:56.563Z] [work-queue] {"queueLength":1,"workRunningCount":0}
[debug] [2022-05-06T06:31:56.563Z] [work-queue] {"queueLength":0,"workRunningCount":1}
[debug] [2022-05-06T06:31:56.564Z] Accepted request GET /estore-data/us-central1/api --> us-central1-api
[debug] [2022-05-06T06:31:56.682Z] [worker-pool] addWorker(us-central1-api) {"metadata":{"emulator":{"name":"functions"},"message":"[worker-pool] addWorker(us-central1-api)"}}
[debug] [2022-05-06T06:31:56.682Z] [worker-pool] Adding worker with key us-central1-api, total=1 {"metadata":{"emulator":{"name":"functions"},"message":"[worker-pool] Adding worker with key us-central1-api, total=1"}}
[debug] [2022-05-06T06:31:56.685Z] [worker-pool] submitWork(triggerId=us-central1-api) {"metadata":{"emulator":{"name":"functions"},"message":"[worker-pool] submitWork(triggerId=us-central1-api)"}}
[debug] [2022-05-06T06:31:56.685Z] [worker-us-central1-api-11acaa28-315c-4504-a68d-c5e2e8492a23]: Assigning socketPath: \\?\pipe\C:\Users\PRATIK\Documents\react_js\estore\functions\4320 {"metadata":{"emulator":{"name":"functions"},"message":"[worker-us-central1-api-11acaa28-315c-4504-a68d-c5e2e8492a23]: Assigning socketPath: \\\\?\\pipe\\C:\\Users\\PRATIK\\Documents\\react_js\\estore\\functions\\4320"}}
[debug] [2022-05-06T06:31:56.686Z] [worker-us-central1-api-11acaa28-315c-4504-a68d-c5e2e8492a23]: BUSY {"metadata":{"emulator":{"name":"functions"},"message":"[worker-us-central1-api-11acaa28-315c-4504-a68d-c5e2e8492a23]: BUSY"}}
[debug] [2022-05-06T06:32:00.212Z] [runtime-status] [4320] Functions runtime initialized. {"cwd":"C:\\Users\\PRATIK\\Documents\\react_js\\estore\\functions","node_version":"16.14.2"} {"metadata":{"emulator":{"name":"functions"},"function":{"name":"us-central1-api"},"extension":{},"message":"[runtime-status] [4320] Functions runtime initialized. {\"cwd\":\"C:\\\\Users\\\\PRATIK\\\\Documents\\\\react_js\\\\estore\\\\functions\",\"node_version\":\"16.14.2\"}"}}
[debug] [2022-05-06T06:32:00.214Z] [runtime-status] [4320] Disabled runtime features: undefined {"metadata":{"emulator":{"name":"functions"},"function":{"name":"us-central1-api"},"extension":{},"message":"[runtime-status] [4320] Disabled runtime features: undefined"}}
[debug] [2022-05-06T06:32:00.222Z] [runtime-status] [4320] Resolved module firebase-admin {"declared":true,"installed":true,"version":"10.2.0","resolution":"C:\\Users\\PRATIK\\Documents\\react_js\\estore\\functions\\node_modules\\firebase-admin\\lib\\index.js"} {"metadata":{"emulator":{"name":"functions"},"function":{"name":"us-central1-api"},"extension":{},"message":"[runtime-status] [4320] Resolved module firebase-admin {\"declared\":true,\"installed\":true,\"version\":\"10.2.0\",\"resolution\":\"C:\\\\Users\\\\PRATIK\\\\Documents\\\\react_js\\\\estore\\\\functions\\\\node_modules\\\\firebase-admin\\\\lib\\\\index.js\"}"}}
[debug] [2022-05-06T06:32:00.227Z] [runtime-status] [4320] Resolved module firebase-functions {"declared":true,"installed":true,"version":"3.21.0","resolution":"C:\\Users\\PRATIK\\Documents\\react_js\\estore\\functions\\node_modules\\firebase-functions\\lib\\index.js"} {"metadata":{"emulator":{"name":"functions"},"function":{"name":"us-central1-api"},"extension":{},"message":"[runtime-status] [4320] Resolved module firebase-functions {\"declared\":true,\"installed\":true,\"version\":\"3.21.0\",\"resolution\":\"C:\\\\Users\\\\PRATIK\\\\Documents\\\\react_js\\\\estore\\\\functions\\\\node_modules\\\\firebase-functions\\\\lib\\\\index.js\"}"}}
[debug] [2022-05-06T06:32:00.228Z] [runtime-status] [4320] Outgoing network have been stubbed. [{"name":"http","status":"mocked"},{"name":"http","status":"mocked"},{"name":"https","status":"mocked"},{"name":"https","status":"mocked"},{"name":"net","status":"mocked"}] {"metadata":{"emulator":{"name":"functions"},"function":{"name":"us-central1-api"},"extension":{},"message":"[runtime-status] [4320] Outgoing network have been stubbed. [{\"name\":\"http\",\"status\":\"mocked\"},{\"name\":\"http\",\"status\":\"mocked\"},{\"name\":\"https\",\"status\":\"mocked\"},{\"name\":\"https\",\"status\":\"mocked\"},{\"name\":\"net\",\"status\":\"mocked\"}]"}}
[debug] [2022-05-06T06:32:00.230Z] [runtime-status] [4320] Resolved module firebase-functions {"declared":true,"installed":true,"version":"3.21.0","resolution":"C:\\Users\\PRATIK\\Documents\\react_js\\estore\\functions\\node_modules\\firebase-functions\\lib\\index.js"} {"metadata":{"emulator":{"name":"functions"},"function":{"name":"us-central1-api"},"extension":{},"message":"[runtime-status] [4320] Resolved module firebase-functions {\"declared\":true,\"installed\":true,\"version\":\"3.21.0\",\"resolution\":\"C:\\\\Users\\\\PRATIK\\\\Documents\\\\react_js\\\\estore\\\\functions\\\\node_modules\\\\firebase-functions\\\\lib\\\\index.js\"}"}}
[debug] [2022-05-06T06:32:00.333Z] [runtime-status] [4320] Checked functions.config() {"config":{}} {"metadata":{"emulator":{"name":"functions"},"function":{"name":"us-central1-api"},"extension":{},"message":"[runtime-status] [4320] Checked functions.config() {\"config\":{}}"}}
[debug] [2022-05-06T06:32:00.334Z] [runtime-status] [4320] firebase-functions has been stubbed. {"functionsResolution":{"declared":true,"installed":true,"version":"3.21.0","resolution":"C:\\Users\\PRATIK\\Documents\\react_js\\estore\\functions\\node_modules\\firebase-functions\\lib\\index.js"}} {"metadata":{"emulator":{"name":"functions"},"function":{"name":"us-central1-api"},"extension":{},"message":"[runtime-status] [4320] firebase-functions has been stubbed. {\"functionsResolution\":{\"declared\":true,\"installed\":true,\"version\":\"3.21.0\",\"resolution\":\"C:\\\\Users\\\\PRATIK\\\\Documents\\\\react_js\\\\estore\\\\functions\\\\node_modules\\\\firebase-functions\\\\lib\\\\index.js\"}}"}}
[debug] [2022-05-06T06:32:00.336Z] [runtime-status] [4320] Resolved module firebase-functions {"declared":true,"installed":true,"version":"3.21.0","resolution":"C:\\Users\\PRATIK\\Documents\\react_js\\estore\\functions\\node_modules\\firebase-functions\\lib\\index.js"} {"metadata":{"emulator":{"name":"functions"},"function":{"name":"us-central1-api"},"extension":{},"message":"[runtime-status] [4320] Resolved module firebase-functions {\"declared\":true,\"installed\":true,\"version\":\"3.21.0\",\"resolution\":\"C:\\\\Users\\\\PRATIK\\\\Documents\\\\react_js\\\\estore\\\\functions\\\\node_modules\\\\firebase-functions\\\\lib\\\\index.js\"}"}}
[debug] [2022-05-06T06:32:00.342Z] [runtime-status] [4320] Resolved module firebase-admin {"declared":true,"installed":true,"version":"10.2.0","resolution":"C:\\Users\\PRATIK\\Documents\\react_js\\estore\\functions\\node_modules\\firebase-admin\\lib\\index.js"} {"metadata":{"emulator":{"name":"functions"},"function":{"name":"us-central1-api"},"extension":{},"message":"[runtime-status] [4320] Resolved module firebase-admin {\"declared\":true,\"installed\":true,\"version\":\"10.2.0\",\"resolution\":\"C:\\\\Users\\\\PRATIK\\\\Documents\\\\react_js\\\\estore\\\\functions\\\\node_modules\\\\firebase-admin\\\\lib\\\\index.js\"}"}}
[debug] [2022-05-06T06:32:00.343Z] [runtime-status] [4320] Resolved module firebase-functions {"declared":true,"installed":true,"version":"3.21.0","resolution":"C:\\Users\\PRATIK\\Documents\\react_js\\estore\\functions\\node_modules\\firebase-functions\\lib\\index.js"} {"metadata":{"emulator":{"name":"functions"},"function":{"name":"us-central1-api"},"extension":{},"message":"[runtime-status] [4320] Resolved module firebase-functions {\"declared\":true,\"installed\":true,\"version\":\"3.21.0\",\"resolution\":\"C:\\\\Users\\\\PRATIK\\\\Documents\\\\react_js\\\\estore\\\\functions\\\\node_modules\\\\firebase-functions\\\\lib\\\\index.js\"}"}}
[debug] [2022-05-06T06:32:00.344Z] [runtime-status] [4320] firebase-admin has been stubbed. {"adminResolution":{"declared":true,"installed":true,"version":"10.2.0","resolution":"C:\\Users\\PRATIK\\Documents\\react_js\\estore\\functions\\node_modules\\firebase-admin\\lib\\index.js"}} {"metadata":{"emulator":{"name":"functions"},"function":{"name":"us-central1-api"},"extension":{},"message":"[runtime-status] [4320] firebase-admin has been stubbed. {\"adminResolution\":{\"declared\":true,\"installed\":true,\"version\":\"10.2.0\",\"resolution\":\"C:\\\\Users\\\\PRATIK\\\\Documents\\\\react_js\\\\estore\\\\functions\\\\node_modules\\\\firebase-admin\\\\lib\\\\index.js\"}}"}}
[debug] [2022-05-06T06:32:00.720Z] [runtime-status] [4320] Beginning invocation function api! {"metadata":{"emulator":{"name":"functions"},"function":{"name":"us-central1-api"},"extension":{},"message":"[runtime-status] [4320] Beginning invocation function api!"}}
[info] i  functions: Beginning execution of "api" {"metadata":{"emulator":{"name":"functions"},"function":{"name":"us-central1-api"},"extension":{},"message":"Beginning execution of \"api\""}}
[debug] [2022-05-06T06:32:00.725Z] [runtime-status] [4320] Running api in signature http {"metadata":{"emulator":{"name":"functions"},"function":{"name":"us-central1-api"},"extension":{},"message":"[runtime-status] [4320] Running api in signature http"}}
[debug] [2022-05-06T06:32:00.730Z] [runtime-status] [4320] Attempting to listen to socketPath: \\?\pipe\C:\Users\PRATIK\Documents\react_js\estore\functions\4320 {"metadata":{"emulator":{"name":"functions"},"function":{"name":"us-central1-api"},"extension":{},"message":"[runtime-status] [4320] Attempting to listen to socketPath: \\\\?\\pipe\\C:\\Users\\PRATIK\\Documents\\react_js\\estore\\functions\\4320"}}
[debug] [2022-05-06T06:32:00.744Z] [functions] Runtime ready! Sending request! {"metadata":{"emulator":{"name":"functions"},"message":"[functions] Runtime ready! Sending request!"}}
[debug] [2022-05-06T06:32:00.745Z] [functions] Got req.url=/estore-data/us-central1/api, mapping to path=/ {"metadata":{"emulator":{"name":"functions"},"message":"[functions] Got req.url=/estore-data/us-central1/api, mapping to path=/"}}
[debug] [2022-05-06T06:32:00.763Z] [runtime-status] [4320] Ephemeral server handling GET request {"metadata":{"emulator":{"name":"functions"},"function":{"name":"us-central1-api"},"extension":{},"message":"[runtime-status] [4320] Ephemeral server handling GET request"}}
[debug] [2022-05-06T06:32:00.779Z] [runtime-status] [4320] Ephemeral server survived. {"metadata":{"emulator":{"name":"functions"},"function":{"name":"us-central1-api"},"extension":{},"message":"[runtime-status] [4320] Ephemeral server survived."}}
[info] i  functions: Finished "api" in ~1s {"metadata":{"emulator":{"name":"functions"},"function":{"name":"us-central1-api"},"extension":{},"message":"Finished \"api\" in ~1s"}}
[debug] [2022-05-06T06:32:00.790Z] [worker-us-central1-api-11acaa28-315c-4504-a68d-c5e2e8492a23]: IDLE {"metadata":{"emulator":{"name":"functions"},"message":"[worker-us-central1-api-11acaa28-315c-4504-a68d-c5e2e8492a23]: IDLE"}}
[debug] [2022-05-06T06:32:00.790Z] [work-queue] {"queueLength":0,"workRunningCount":0}
[debug] [2022-05-06T06:37:30.093Z] File C:\Users\PRATIK\Documents\react_js\estore\functions\index.js changed, reloading triggers {"metadata":{"emulator":{"name":"functions"},"message":"File C:\\Users\\PRATIK\\Documents\\react_js\\estore\\functions\\index.js changed, reloading triggers"}}
[debug] [2022-05-06T06:37:31.110Z] [worker-pool] Shutting down IDLE worker (us-central1-api) {"metadata":{"emulator":{"name":"functions"},"message":"[worker-pool] Shutting down IDLE worker (us-central1-api)"}}
[debug] [2022-05-06T06:37:31.112Z] [worker-us-central1-api-11acaa28-315c-4504-a68d-c5e2e8492a23]: FINISHING {"metadata":{"emulator":{"name":"functions"},"message":"[worker-us-central1-api-11acaa28-315c-4504-a68d-c5e2e8492a23]: FINISHING"}}
[debug] [2022-05-06T06:37:31.119Z] Validating nodejs source
[debug] [2022-05-06T06:37:39.099Z] > [functions] package.json contents: {
  "name": "functions",
  "description": "Cloud Functions for Firebase",
  "scripts": {
    "lint": "eslint .",
    "serve": "firebase emulators:start --only functions",
    "shell": "firebase functions:shell",
    "start": "npm run shell",
    "deploy": "firebase deploy --only functions",
    "logs": "firebase functions:log"
  },
  "engines": {
    "node": "16"
  },
  "main": "index.js",
  "dependencies": {
    "cors": "^2.8.5",
    "express": "^4.18.1",
    "firebase-admin": "^10.0.2",
    "firebase-functions": "^3.18.0",
    "stripe": "^8.222.0"
  },
  "devDependencies": {
    "eslint": "^8.9.0",
    "eslint-config-google": "^0.14.0",
    "firebase-functions-test": "^0.2.0"
  },
  "private": true
}
[debug] [2022-05-06T06:37:39.100Z] Building nodejs source
[debug] [2022-05-06T06:37:39.100Z] Analyzing nodejs backend spec
[debug] [2022-05-06T06:37:39.134Z] [worker-us-central1-api-11acaa28-315c-4504-a68d-c5e2e8492a23]: exited {"metadata":{"emulator":{"name":"functions"},"message":"[worker-us-central1-api-11acaa28-315c-4504-a68d-c5e2e8492a23]: exited"}}
[debug] [2022-05-06T06:37:39.135Z] [worker-us-central1-api-11acaa28-315c-4504-a68d-c5e2e8492a23]: FINISHED {"metadata":{"emulator":{"name":"functions"},"message":"[worker-us-central1-api-11acaa28-315c-4504-a68d-c5e2e8492a23]: FINISHED"}}
[debug] [2022-05-06T06:40:31.540Z] [work-queue] {"queueLength":1,"workRunningCount":0}
[debug] [2022-05-06T06:40:31.543Z] [work-queue] {"queueLength":0,"workRunningCount":1}
[debug] [2022-05-06T06:40:31.544Z] Accepted request GET /estore-data/us-central1/api --> us-central1-api
[debug] [2022-05-06T06:40:31.545Z] [worker-pool] Cleaned up workers for us-central1-api: 1 --> 0 {"metadata":{"emulator":{"name":"functions"},"message":"[worker-pool] Cleaned up workers for us-central1-api: 1 --> 0"}}
[debug] [2022-05-06T06:40:31.559Z] [worker-pool] addWorker(us-central1-api) {"metadata":{"emulator":{"name":"functions"},"message":"[worker-pool] addWorker(us-central1-api)"}}
[debug] [2022-05-06T06:40:31.560Z] [worker-pool] Adding worker with key us-central1-api, total=1 {"metadata":{"emulator":{"name":"functions"},"message":"[worker-pool] Adding worker with key us-central1-api, total=1"}}
[debug] [2022-05-06T06:40:31.560Z] [worker-pool] submitWork(triggerId=us-central1-api) {"metadata":{"emulator":{"name":"functions"},"message":"[worker-pool] submitWork(triggerId=us-central1-api)"}}
[debug] [2022-05-06T06:40:31.561Z] [worker-us-central1-api-fba37de7-2cc8-4025-bedc-6c9190e7b35f]: Assigning socketPath: \\?\pipe\C:\Users\PRATIK\Documents\react_js\estore\functions\5088 {"metadata":{"emulator":{"name":"functions"},"message":"[worker-us-central1-api-fba37de7-2cc8-4025-bedc-6c9190e7b35f]: Assigning socketPath: \\\\?\\pipe\\C:\\Users\\PRATIK\\Documents\\react_js\\estore\\functions\\5088"}}
[debug] [2022-05-06T06:40:31.561Z] [worker-us-central1-api-fba37de7-2cc8-4025-bedc-6c9190e7b35f]: BUSY {"metadata":{"emulator":{"name":"functions"},"message":"[worker-us-central1-api-fba37de7-2cc8-4025-bedc-6c9190e7b35f]: BUSY"}}
[debug] [2022-05-06T06:40:34.667Z] [runtime-status] [5088] Functions runtime initialized. {"cwd":"C:\\Users\\PRATIK\\Documents\\react_js\\estore\\functions","node_version":"16.14.2"} {"metadata":{"emulator":{"name":"functions"},"function":{"name":"us-central1-api"},"extension":{},"message":"[runtime-status] [5088] Functions runtime initialized. {\"cwd\":\"C:\\\\Users\\\\PRATIK\\\\Documents\\\\react_js\\\\estore\\\\functions\",\"node_version\":\"16.14.2\"}"}}
[debug] [2022-05-06T06:40:34.669Z] [runtime-status] [5088] Disabled runtime features: undefined {"metadata":{"emulator":{"name":"functions"},"function":{"name":"us-central1-api"},"extension":{},"message":"[runtime-status] [5088] Disabled runtime features: undefined"}}
[debug] [2022-05-06T06:40:34.679Z] [runtime-status] [5088] Resolved module firebase-admin {"declared":true,"installed":true,"version":"10.2.0","resolution":"C:\\Users\\PRATIK\\Documents\\react_js\\estore\\functions\\node_modules\\firebase-admin\\lib\\index.js"} {"metadata":{"emulator":{"name":"functions"},"function":{"name":"us-central1-api"},"extension":{},"message":"[runtime-status] [5088] Resolved module firebase-admin {\"declared\":true,\"installed\":true,\"version\":\"10.2.0\",\"resolution\":\"C:\\\\Users\\\\PRATIK\\\\Documents\\\\react_js\\\\estore\\\\functions\\\\node_modules\\\\firebase-admin\\\\lib\\\\index.js\"}"}}
[debug] [2022-05-06T06:40:34.682Z] [runtime-status] [5088] Resolved module firebase-functions {"declared":true,"installed":true,"version":"3.21.0","resolution":"C:\\Users\\PRATIK\\Documents\\react_js\\estore\\functions\\node_modules\\firebase-functions\\lib\\index.js"} {"metadata":{"emulator":{"name":"functions"},"function":{"name":"us-central1-api"},"extension":{},"message":"[runtime-status] [5088] Resolved module firebase-functions {\"declared\":true,\"installed\":true,\"version\":\"3.21.0\",\"resolution\":\"C:\\\\Users\\\\PRATIK\\\\Documents\\\\react_js\\\\estore\\\\functions\\\\node_modules\\\\firebase-functions\\\\lib\\\\index.js\"}"}}
[debug] [2022-05-06T06:40:34.683Z] [runtime-status] [5088] Outgoing network have been stubbed. [{"name":"http","status":"mocked"},{"name":"http","status":"mocked"},{"name":"https","status":"mocked"},{"name":"https","status":"mocked"},{"name":"net","status":"mocked"}] {"metadata":{"emulator":{"name":"functions"},"function":{"name":"us-central1-api"},"extension":{},"message":"[runtime-status] [5088] Outgoing network have been stubbed. [{\"name\":\"http\",\"status\":\"mocked\"},{\"name\":\"http\",\"status\":\"mocked\"},{\"name\":\"https\",\"status\":\"mocked\"},{\"name\":\"https\",\"status\":\"mocked\"},{\"name\":\"net\",\"status\":\"mocked\"}]"}}
[debug] [2022-05-06T06:40:34.684Z] [runtime-status] [5088] Resolved module firebase-functions {"declared":true,"installed":true,"version":"3.21.0","resolution":"C:\\Users\\PRATIK\\Documents\\react_js\\estore\\functions\\node_modules\\firebase-functions\\lib\\index.js"} {"metadata":{"emulator":{"name":"functions"},"function":{"name":"us-central1-api"},"extension":{},"message":"[runtime-status] [5088] Resolved module firebase-functions {\"declared\":true,\"installed\":true,\"version\":\"3.21.0\",\"resolution\":\"C:\\\\Users\\\\PRATIK\\\\Documents\\\\react_js\\\\estore\\\\functions\\\\node_modules\\\\firebase-functions\\\\lib\\\\index.js\"}"}}
[debug] [2022-05-06T06:40:34.770Z] [runtime-status] [5088] Checked functions.config() {"config":{}} {"metadata":{"emulator":{"name":"functions"},"function":{"name":"us-central1-api"},"extension":{},"message":"[runtime-status] [5088] Checked functions.config() {\"config\":{}}"}}
[debug] [2022-05-06T06:40:34.771Z] [runtime-status] [5088] firebase-functions has been stubbed. {"functionsResolution":{"declared":true,"installed":true,"version":"3.21.0","resolution":"C:\\Users\\PRATIK\\Documents\\react_js\\estore\\functions\\node_modules\\firebase-functions\\lib\\index.js"}} {"metadata":{"emulator":{"name":"functions"},"function":{"name":"us-central1-api"},"extension":{},"message":"[runtime-status] [5088] firebase-functions has been stubbed. {\"functionsResolution\":{\"declared\":true,\"installed\":true,\"version\":\"3.21.0\",\"resolution\":\"C:\\\\Users\\\\PRATIK\\\\Documents\\\\react_js\\\\estore\\\\functions\\\\node_modules\\\\firebase-functions\\\\lib\\\\index.js\"}}"}}
[debug] [2022-05-06T06:40:34.773Z] [runtime-status] [5088] Resolved module firebase-functions {"declared":true,"installed":true,"version":"3.21.0","resolution":"C:\\Users\\PRATIK\\Documents\\react_js\\estore\\functions\\node_modules\\firebase-functions\\lib\\index.js"} {"metadata":{"emulator":{"name":"functions"},"function":{"name":"us-central1-api"},"extension":{},"message":"[runtime-status] [5088] Resolved module firebase-functions {\"declared\":true,\"installed\":true,\"version\":\"3.21.0\",\"resolution\":\"C:\\\\Users\\\\PRATIK\\\\Documents\\\\react_js\\\\estore\\\\functions\\\\node_modules\\\\firebase-functions\\\\lib\\\\index.js\"}"}}
[debug] [2022-05-06T06:40:34.776Z] [runtime-status] [5088] Resolved module firebase-admin {"declared":true,"installed":true,"version":"10.2.0","resolution":"C:\\Users\\PRATIK\\Documents\\react_js\\estore\\functions\\node_modules\\firebase-admin\\lib\\index.js"} {"metadata":{"emulator":{"name":"functions"},"function":{"name":"us-central1-api"},"extension":{},"message":"[runtime-status] [5088] Resolved module firebase-admin {\"declared\":true,\"installed\":true,\"version\":\"10.2.0\",\"resolution\":\"C:\\\\Users\\\\PRATIK\\\\Documents\\\\react_js\\\\estore\\\\functions\\\\node_modules\\\\firebase-admin\\\\lib\\\\index.js\"}"}}
[debug] [2022-05-06T06:40:34.777Z] [runtime-status] [5088] Resolved module firebase-functions {"declared":true,"installed":true,"version":"3.21.0","resolution":"C:\\Users\\PRATIK\\Documents\\react_js\\estore\\functions\\node_modules\\firebase-functions\\lib\\index.js"} {"metadata":{"emulator":{"name":"functions"},"function":{"name":"us-central1-api"},"extension":{},"message":"[runtime-status] [5088] Resolved module firebase-functions {\"declared\":true,\"installed\":true,\"version\":\"3.21.0\",\"resolution\":\"C:\\\\Users\\\\PRATIK\\\\Documents\\\\react_js\\\\estore\\\\functions\\\\node_modules\\\\firebase-functions\\\\lib\\\\index.js\"}"}}
[debug] [2022-05-06T06:40:34.777Z] [runtime-status] [5088] firebase-admin has been stubbed. {"adminResolution":{"declared":true,"installed":true,"version":"10.2.0","resolution":"C:\\Users\\PRATIK\\Documents\\react_js\\estore\\functions\\node_modules\\firebase-admin\\lib\\index.js"}} {"metadata":{"emulator":{"name":"functions"},"function":{"name":"us-central1-api"},"extension":{},"message":"[runtime-status] [5088] firebase-admin has been stubbed. {\"adminResolution\":{\"declared\":true,\"installed\":true,\"version\":\"10.2.0\",\"resolution\":\"C:\\\\Users\\\\PRATIK\\\\Documents\\\\react_js\\\\estore\\\\functions\\\\node_modules\\\\firebase-admin\\\\lib\\\\index.js\"}}"}}
[debug] [2022-05-06T06:40:35.173Z] [runtime-status] [5088] Beginning invocation function api! {"metadata":{"emulator":{"name":"functions"},"function":{"name":"us-central1-api"},"extension":{},"message":"[runtime-status] [5088] Beginning invocation function api!"}}
[info] i  functions: Beginning execution of "api" {"metadata":{"emulator":{"name":"functions"},"function":{"name":"us-central1-api"},"extension":{},"message":"Beginning execution of \"api\""}}
[debug] [2022-05-06T06:40:35.176Z] [runtime-status] [5088] Running api in signature http {"metadata":{"emulator":{"name":"functions"},"function":{"name":"us-central1-api"},"extension":{},"message":"[runtime-status] [5088] Running api in signature http"}}
[debug] [2022-05-06T06:40:35.182Z] [runtime-status] [5088] Attempting to listen to socketPath: \\?\pipe\C:\Users\PRATIK\Documents\react_js\estore\functions\5088 {"metadata":{"emulator":{"name":"functions"},"function":{"name":"us-central1-api"},"extension":{},"message":"[runtime-status] [5088] Attempting to listen to socketPath: \\\\?\\pipe\\C:\\Users\\PRATIK\\Documents\\react_js\\estore\\functions\\5088"}}
[debug] [2022-05-06T06:40:35.195Z] [functions] Runtime ready! Sending request! {"metadata":{"emulator":{"name":"functions"},"message":"[functions] Runtime ready! Sending request!"}}
[debug] [2022-05-06T06:40:35.196Z] [functions] Got req.url=/estore-data/us-central1/api, mapping to path=/ {"metadata":{"emulator":{"name":"functions"},"message":"[functions] Got req.url=/estore-data/us-central1/api, mapping to path=/"}}
[debug] [2022-05-06T06:40:35.210Z] [runtime-status] [5088] Ephemeral server handling GET request {"metadata":{"emulator":{"name":"functions"},"function":{"name":"us-central1-api"},"extension":{},"message":"[runtime-status] [5088] Ephemeral server handling GET request"}}
[debug] [2022-05-06T06:40:35.222Z] [runtime-status] [5088] Ephemeral server survived. {"metadata":{"emulator":{"name":"functions"},"function":{"name":"us-central1-api"},"extension":{},"message":"[runtime-status] [5088] Ephemeral server survived."}}
[info] i  functions: Finished "api" in ~1s {"metadata":{"emulator":{"name":"functions"},"function":{"name":"us-central1-api"},"extension":{},"message":"Finished \"api\" in ~1s"}}
[debug] [2022-05-06T06:40:35.235Z] [worker-us-central1-api-fba37de7-2cc8-4025-bedc-6c9190e7b35f]: IDLE {"metadata":{"emulator":{"name":"functions"},"message":"[worker-us-central1-api-fba37de7-2cc8-4025-bedc-6c9190e7b35f]: IDLE"}}
[debug] [2022-05-06T06:40:35.236Z] [work-queue] {"queueLength":0,"workRunningCount":0}
[debug] [2022-05-06T06:42:30.843Z] Functions emulator received unknown request at path /
[debug] [2022-05-06T10:26:26.355Z] ----------------------------------------------------------------------
[debug] [2022-05-06T10:26:26.414Z] Command:       C:\Program Files\nodejs\node.exe C:\Users\PRATIK\AppData\Roaming\npm\node_modules\firebase-tools\lib\bin\firebase.js emulators:start
[debug] [2022-05-06T10:26:26.417Z] CLI Version:   10.7.1
[debug] [2022-05-06T10:26:26.418Z] Platform:      win32
[debug] [2022-05-06T10:26:26.419Z] Node Version:  v16.14.2
[debug] [2022-05-06T10:26:26.581Z] Time:          Fri May 06 2022 15:56:26 GMT+0530 (India Standard Time)
[debug] [2022-05-06T10:26:26.582Z] ----------------------------------------------------------------------
[debug] 
[debug] [2022-05-06T10:26:26.610Z] >>> [apiv2][query] GET https://firebase-public.firebaseio.com/cli.json [none]
[debug] [2022-05-06T10:26:27.136Z] > command requires scopes: ["email","openid","https://www.googleapis.com/auth/cloudplatformprojects.readonly","https://www.googleapis.com/auth/firebase","https://www.googleapis.com/auth/cloud-platform"]
[debug] [2022-05-06T10:26:27.137Z] > authorizing via signed-in user (pratikkajare826@gmail.com)
[info] i  emulators: Starting emulators: functions, hosting {"metadata":{"emulator":{"name":"hub"},"message":"Starting emulators: functions, hosting"}}
[warn] !  emulators: It seems that you are running multiple instances of the emulator suite for project estore-data. This may result in unexpected behavior. 
[debug] [2022-05-06T10:26:27.365Z] [hub] writing locator at C:\Users\PRATIK\AppData\Local\Temp\hub-estore-data.json
[warn] !  functions: The following emulators are not running, calls to these services from the Functions emulator will affect production: auth, firestore, database, pubsub, storage {"metadata":{"emulator":{"name":"functions"},"message":"The following emulators are not running, calls to these services from the Functions emulator will affect production: \u001b[1mauth, firestore, database, pubsub, storage\u001b[22m"}}
[info] +  functions: Using node@16 from host. {"metadata":{"emulator":{"name":"functions"},"message":"Using node@16 from host."}}
[debug] [2022-05-06T10:26:29.097Z] defaultcredentials: writing to file C:\Users\PRATIK\AppData\Roaming\firebase\pratikkajare826_gmail_com_application_default_credentials.json
[debug] [2022-05-06T10:26:29.107Z] Setting GAC to C:\Users\PRATIK\AppData\Roaming\firebase\pratikkajare826_gmail_com_application_default_credentials.json {"metadata":{"emulator":{"name":"functions"},"message":"Setting GAC to C:\\Users\\PRATIK\\AppData\\Roaming\\firebase\\pratikkajare826_gmail_com_application_default_credentials.json"}}
[debug] [2022-05-06T10:26:29.111Z] > refreshing access token with scopes: []
[debug] [2022-05-06T10:26:29.112Z] >>> HTTP REQUEST POST https://www.googleapis.com/oauth2/v3/token  
 <request body omitted>
[debug] [2022-05-06T10:26:33.379Z] <<< [apiv2][status] GET https://firebase-public.firebaseio.com/cli.json 200
[debug] [2022-05-06T10:26:33.379Z] <<< [apiv2][body] GET https://firebase-public.firebaseio.com/cli.json {"cloudBuildErrorAfter":1594252800000,"cloudBuildWarnAfter":1590019200000,"defaultNode10After":1594252800000,"minVersion":"3.0.5","node8DeploysDisabledAfter":1613390400000,"node8RuntimeDisabledAfter":1615809600000,"node8WarnAfter":1600128000000}
[debug] [2022-05-06T10:26:33.963Z] <<< HTTP RESPONSE 200 {"pragma":"no-cache","cache-control":"no-cache, no-store, max-age=0, must-revalidate","expires":"Mon, 01 Jan 1990 00:00:00 GMT","date":"Fri, 06 May 2022 10:26:34 GMT","content-type":"application/json; charset=utf-8","vary":"X-Origin, Referer, Origin,Accept-Encoding","server":"scaffolding on HTTPServer2","x-xss-protection":"0","x-frame-options":"SAMEORIGIN","x-content-type-options":"nosniff","alt-svc":"h3=\":443\"; ma=2592000,h3-29=\":443\"; ma=2592000,h3-Q050=\":443\"; ma=2592000,h3-Q046=\":443\"; ma=2592000,h3-Q043=\":443\"; ma=2592000,quic=\":443\"; ma=2592000; v=\"46,43\"","accept-ranges":"none","transfer-encoding":"chunked"}
[debug] [2022-05-06T10:26:34.144Z] >>> [apiv2][query] GET https://firebase.googleapis.com/v1beta1/projects/estore-data/adminSdkConfig [none]
[debug] [2022-05-06T10:26:39.557Z] <<< [apiv2][status] GET https://firebase.googleapis.com/v1beta1/projects/estore-data/adminSdkConfig 200
[debug] [2022-05-06T10:26:39.558Z] <<< [apiv2][body] GET https://firebase.googleapis.com/v1beta1/projects/estore-data/adminSdkConfig {"projectId":"estore-data","storageBucket":"estore-data.appspot.com"}
[debug] [2022-05-06T10:26:39.718Z] >>> [apiv2][query] GET https://firebasehosting.googleapis.com/v1beta1/projects/estore-data/sites 
[debug] [2022-05-06T10:26:45.758Z] <<< [apiv2][status] GET https://firebasehosting.googleapis.com/v1beta1/projects/estore-data/sites 200
[debug] [2022-05-06T10:26:45.759Z] <<< [apiv2][body] GET https://firebasehosting.googleapis.com/v1beta1/projects/estore-data/sites {"sites":[{"name":"projects/estore-data/sites/estore-data","defaultUrl":"https://estore-data.web.app","appId":"1:563588164838:web:28271e5ba4f7d260965f27","type":"DEFAULT_SITE"}]}
[debug] [2022-05-06T10:26:45.760Z] >>> [apiv2][query] GET https://firebase.googleapis.com/v1beta1/projects/estore-data/webApps/1:563588164838:web:28271e5ba4f7d260965f27/config [none]
[debug] [2022-05-06T10:26:48.010Z] <<< [apiv2][status] GET https://firebase.googleapis.com/v1beta1/projects/estore-data/webApps/1:563588164838:web:28271e5ba4f7d260965f27/config 200
[debug] [2022-05-06T10:26:48.011Z] <<< [apiv2][body] GET https://firebase.googleapis.com/v1beta1/projects/estore-data/webApps/1:563588164838:web:28271e5ba4f7d260965f27/config {"projectId":"estore-data","appId":"1:563588164838:web:28271e5ba4f7d260965f27","storageBucket":"estore-data.appspot.com","apiKey":"AIzaSyBTyeCrbqNRQl-jI6PjUYpxLOe0JLiEsPw","authDomain":"estore-data.firebaseapp.com","messagingSenderId":"563588164838","measurementId":"G-7016QJ8CMX"}
[info] i  hosting: Serving hosting files from: build {"metadata":{"emulator":{"name":"hosting"},"message":"Serving hosting files from: \u001b[1mbuild\u001b[22m"}}
[info] +  hosting: Local server: http://localhost:5000 {"metadata":{"emulator":{"name":"hosting"},"message":"Local server: \u001b[4m\u001b[1mhttp://localhost:5000\u001b[22m\u001b[24m"}}
[debug] [2022-05-06T10:26:48.535Z] Ignoring unsupported arg: auto_download {"metadata":{"emulator":{"name":"ui"},"message":"Ignoring unsupported arg: auto_download"}}
[debug] [2022-05-06T10:26:48.539Z] Ignoring unsupported arg: port {"metadata":{"emulator":{"name":"ui"},"message":"Ignoring unsupported arg: port"}}
[debug] [2022-05-06T10:26:48.540Z] Starting Emulator UI with command {"binary":"node","args":["C:\\Users\\PRATIK\\.cache\\firebase\\emulators\\ui-v1.6.5\\server.bundle.js"],"optionalArgs":[],"joinArgs":false} {"metadata":{"emulator":{"name":"ui"},"message":"Starting Emulator UI with command {\"binary\":\"node\",\"args\":[\"C:\\\\Users\\\\PRATIK\\\\.cache\\\\firebase\\\\emulators\\\\ui-v1.6.5\\\\server.bundle.js\"],\"optionalArgs\":[],\"joinArgs\":false}"}}
[info] i  ui: Emulator UI logging to ui-debug.log {"metadata":{"emulator":{"name":"ui"},"message":"Emulator UI logging to \u001b[1mui-debug.log\u001b[22m"}}
[debug] [2022-05-06T10:26:49.177Z] Web / API server started at localhost:4000
 {"metadata":{"emulator":{"name":"ui"},"message":"Web / API server started at localhost:4000\n"}}
[info] i  functions: Watching "C:\Users\PRATIK\Documents\react_js\estore\functions" for Cloud Functions... {"metadata":{"emulator":{"name":"functions"},"message":"Watching \"C:\\Users\\PRATIK\\Documents\\react_js\\estore\\functions\" for Cloud Functions..."}}
[debug] [2022-05-06T10:26:49.453Z] Validating nodejs source
[debug] [2022-05-06T10:27:20.586Z] > [functions] package.json contents: {
  "name": "functions",
  "description": "Cloud Functions for Firebase",
  "scripts": {
    "lint": "eslint .",
    "serve": "firebase emulators:start --only functions",
    "shell": "firebase functions:shell",
    "start": "npm run shell",
    "deploy": "firebase deploy --only functions",
    "logs": "firebase functions:log"
  },
  "engines": {
    "node": "16"
  },
  "main": "index.js",
  "dependencies": {
    "cors": "^2.8.5",
    "express": "^4.18.1",
    "firebase-admin": "^10.0.2",
    "firebase-functions": "^3.18.0",
    "stripe": "^8.222.0"
  },
  "devDependencies": {
    "eslint": "^8.9.0",
    "eslint-config-google": "^0.14.0",
    "firebase-functions-test": "^0.2.0"
  },
  "private": true
}
[debug] [2022-05-06T10:27:20.588Z] Building nodejs source
[debug] [2022-05-06T10:27:20.589Z] Analyzing nodejs backend spec
[info] +  functions[us-central1-api]: http function initialized (http://localhost:5001/estore-data/us-central1/api). {"metadata":{"emulator":{"name":"functions"},"message":"\u001b[1mhttp\u001b[22m function initialized (http://localhost:5001/estore-data/us-central1/api)."}}
[info] 
┌─────────────────────────────────────────────────────────────┐
│ ✔  All emulators ready! It is now safe to connect your app. │
│ i  View Emulator UI at http://localhost:4000                │
└─────────────────────────────────────────────────────────────┘

┌───────────┬────────────────┬─────────────────────────────────┐
│ Emulator  │ Host:Port      │ View in Emulator UI             │
├───────────┼────────────────┼─────────────────────────────────┤
│ Functions │ localhost:5001 │ http://localhost:4000/functions │
├───────────┼────────────────┼─────────────────────────────────┤
│ Hosting   │ localhost:5000 │ n/a                             │
└───────────┴────────────────┴─────────────────────────────────┘
  Emulator Hub running at localhost:4400
  Other reserved ports: 4500

Issues? Report them at https://github.com/firebase/firebase-tools/issues and attach the *-debug.log files.
 
[debug] [2022-05-06T10:28:51.563Z] File C:\Users\PRATIK\Documents\react_js\estore\functions\index.js changed, reloading triggers {"metadata":{"emulator":{"name":"functions"},"message":"File C:\\Users\\PRATIK\\Documents\\react_js\\estore\\functions\\index.js changed, reloading triggers"}}
[debug] [2022-05-06T10:28:52.576Z] Validating nodejs source
[debug] [2022-05-06T10:28:59.756Z] > [functions] package.json contents: {
  "name": "functions",
  "description": "Cloud Functions for Firebase",
  "scripts": {
    "lint": "eslint .",
    "serve": "firebase emulators:start --only functions",
    "shell": "firebase functions:shell",
    "start": "npm run shell",
    "deploy": "firebase deploy --only functions",
    "logs": "firebase functions:log"
  },
  "engines": {
    "node": "16"
  },
  "main": "index.js",
  "dependencies": {
    "cors": "^2.8.5",
    "express": "^4.18.1",
    "firebase-admin": "^10.0.2",
    "firebase-functions": "^3.18.0",
    "stripe": "^8.222.0"
  },
  "devDependencies": {
    "eslint": "^8.9.0",
    "eslint-config-google": "^0.14.0",
    "firebase-functions-test": "^0.2.0"
  },
  "private": true
}
[debug] [2022-05-06T10:28:59.757Z] Building nodejs source
[debug] [2022-05-06T10:28:59.757Z] Analyzing nodejs backend spec
[debug] [2022-05-10T06:04:42.771Z] ----------------------------------------------------------------------
[debug] [2022-05-10T06:04:42.777Z] Command:       C:\Program Files\nodejs\node.exe C:\Users\PRATIK\AppData\Roaming\npm\node_modules\firebase-tools\lib\bin\firebase.js emulators:start
[debug] [2022-05-10T06:04:42.778Z] CLI Version:   10.8.0
[debug] [2022-05-10T06:04:42.778Z] Platform:      win32
[debug] [2022-05-10T06:04:42.778Z] Node Version:  v16.14.2
[debug] [2022-05-10T06:04:43.032Z] Time:          Tue May 10 2022 11:34:42 GMT+0530 (India Standard Time)
[debug] [2022-05-10T06:04:43.033Z] ----------------------------------------------------------------------
[debug] 
[debug] [2022-05-10T06:04:43.065Z] >>> [apiv2][query] GET https://firebase-public.firebaseio.com/cli.json [none]
[debug] [2022-05-10T06:04:43.355Z] > command requires scopes: ["email","openid","https://www.googleapis.com/auth/cloudplatformprojects.readonly","https://www.googleapis.com/auth/firebase","https://www.googleapis.com/auth/cloud-platform"]
[debug] [2022-05-10T06:04:43.355Z] > authorizing via signed-in user (pratikkajare826@gmail.com)
[info] i  emulators: Starting emulators: functions, hosting {"metadata":{"emulator":{"name":"hub"},"message":"Starting emulators: functions, hosting"}}
[warn] !  emulators: It seems that you are running multiple instances of the emulator suite for project estore-data. This may result in unexpected behavior. 
[debug] [2022-05-10T06:04:43.564Z] [hub] writing locator at C:\Users\PRATIK\AppData\Local\Temp\hub-estore-data.json
[warn] !  functions: The following emulators are not running, calls to these services from the Functions emulator will affect production: auth, firestore, database, pubsub, storage {"metadata":{"emulator":{"name":"functions"},"message":"The following emulators are not running, calls to these services from the Functions emulator will affect production: \u001b[1mauth, firestore, database, pubsub, storage\u001b[22m"}}
[info] +  functions: Using node@16 from host. {"metadata":{"emulator":{"name":"functions"},"message":"Using node@16 from host."}}
[debug] [2022-05-10T06:04:44.176Z] defaultcredentials: writing to file C:\Users\PRATIK\AppData\Roaming\firebase\pratikkajare826_gmail_com_application_default_credentials.json
[debug] [2022-05-10T06:04:44.182Z] Setting GAC to C:\Users\PRATIK\AppData\Roaming\firebase\pratikkajare826_gmail_com_application_default_credentials.json {"metadata":{"emulator":{"name":"functions"},"message":"Setting GAC to C:\\Users\\PRATIK\\AppData\\Roaming\\firebase\\pratikkajare826_gmail_com_application_default_credentials.json"}}
[debug] [2022-05-10T06:04:44.185Z] > refreshing access token with scopes: []
[debug] [2022-05-10T06:04:44.187Z] >>> HTTP REQUEST POST https://www.googleapis.com/oauth2/v3/token  
 <request body omitted>
[debug] [2022-05-10T06:04:45.079Z] <<< HTTP RESPONSE 200 {"expires":"Mon, 01 Jan 1990 00:00:00 GMT","pragma":"no-cache","date":"Tue, 10 May 2022 06:04:48 GMT","cache-control":"no-cache, no-store, max-age=0, must-revalidate","content-type":"application/json; charset=utf-8","vary":"X-Origin, Referer, Origin,Accept-Encoding","server":"scaffolding on HTTPServer2","x-xss-protection":"0","x-frame-options":"SAMEORIGIN","x-content-type-options":"nosniff","alt-svc":"h3=\":443\"; ma=2592000,h3-29=\":443\"; ma=2592000,h3-Q050=\":443\"; ma=2592000,h3-Q046=\":443\"; ma=2592000,h3-Q043=\":443\"; ma=2592000,quic=\":443\"; ma=2592000; v=\"46,43\"","accept-ranges":"none","transfer-encoding":"chunked"}
[debug] [2022-05-10T06:04:45.278Z] >>> [apiv2][query] GET https://firebase.googleapis.com/v1beta1/projects/estore-data/adminSdkConfig [none]
[debug] [2022-05-10T06:04:45.843Z] <<< [apiv2][status] GET https://firebase-public.firebaseio.com/cli.json 200
[debug] [2022-05-10T06:04:45.844Z] <<< [apiv2][body] GET https://firebase-public.firebaseio.com/cli.json {"cloudBuildErrorAfter":1594252800000,"cloudBuildWarnAfter":1590019200000,"defaultNode10After":1594252800000,"minVersion":"3.0.5","node8DeploysDisabledAfter":1613390400000,"node8RuntimeDisabledAfter":1615809600000,"node8WarnAfter":1600128000000}
[debug] [2022-05-10T06:04:46.179Z] <<< [apiv2][status] GET https://firebase.googleapis.com/v1beta1/projects/estore-data/adminSdkConfig 200
[debug] [2022-05-10T06:04:46.180Z] <<< [apiv2][body] GET https://firebase.googleapis.com/v1beta1/projects/estore-data/adminSdkConfig {"projectId":"estore-data","storageBucket":"estore-data.appspot.com","locationId":"us-central"}
[debug] [2022-05-10T06:04:46.243Z] >>> [apiv2][query] GET https://firebasehosting.googleapis.com/v1beta1/projects/estore-data/sites 
[debug] [2022-05-10T06:04:48.693Z] <<< [apiv2][status] GET https://firebasehosting.googleapis.com/v1beta1/projects/estore-data/sites 200
[debug] [2022-05-10T06:04:48.693Z] <<< [apiv2][body] GET https://firebasehosting.googleapis.com/v1beta1/projects/estore-data/sites {"sites":[{"name":"projects/estore-data/sites/estore-data","defaultUrl":"https://estore-data.web.app","appId":"1:563588164838:web:28271e5ba4f7d260965f27","type":"DEFAULT_SITE"}]}
[debug] [2022-05-10T06:04:48.695Z] >>> [apiv2][query] GET https://firebase.googleapis.com/v1beta1/projects/estore-data/webApps/1:563588164838:web:28271e5ba4f7d260965f27/config [none]
[debug] [2022-05-10T06:04:50.237Z] <<< [apiv2][status] GET https://firebase.googleapis.com/v1beta1/projects/estore-data/webApps/1:563588164838:web:28271e5ba4f7d260965f27/config 200
[debug] [2022-05-10T06:04:50.237Z] <<< [apiv2][body] GET https://firebase.googleapis.com/v1beta1/projects/estore-data/webApps/1:563588164838:web:28271e5ba4f7d260965f27/config {"projectId":"estore-data","appId":"1:563588164838:web:28271e5ba4f7d260965f27","storageBucket":"estore-data.appspot.com","locationId":"us-central","apiKey":"AIzaSyBTyeCrbqNRQl-jI6PjUYpxLOe0JLiEsPw","authDomain":"estore-data.firebaseapp.com","messagingSenderId":"563588164838","measurementId":"G-7016QJ8CMX"}
[info] i  hosting: Serving hosting files from: build {"metadata":{"emulator":{"name":"hosting"},"message":"Serving hosting files from: \u001b[1mbuild\u001b[22m"}}
[info] +  hosting: Local server: http://localhost:5000 {"metadata":{"emulator":{"name":"hosting"},"message":"Local server: \u001b[4m\u001b[1mhttp://localhost:5000\u001b[22m\u001b[24m"}}
[debug] [2022-05-10T06:04:50.612Z] Ignoring unsupported arg: auto_download {"metadata":{"emulator":{"name":"ui"},"message":"Ignoring unsupported arg: auto_download"}}
[debug] [2022-05-10T06:04:50.613Z] Ignoring unsupported arg: port {"metadata":{"emulator":{"name":"ui"},"message":"Ignoring unsupported arg: port"}}
[debug] [2022-05-10T06:04:50.614Z] Starting Emulator UI with command {"binary":"node","args":["C:\\Users\\PRATIK\\.cache\\firebase\\emulators\\ui-v1.6.6\\server.bundle.js"],"optionalArgs":[],"joinArgs":false} {"metadata":{"emulator":{"name":"ui"},"message":"Starting Emulator UI with command {\"binary\":\"node\",\"args\":[\"C:\\\\Users\\\\PRATIK\\\\.cache\\\\firebase\\\\emulators\\\\ui-v1.6.6\\\\server.bundle.js\"],\"optionalArgs\":[],\"joinArgs\":false}"}}
[info] i  ui: Emulator UI logging to ui-debug.log {"metadata":{"emulator":{"name":"ui"},"message":"Emulator UI logging to \u001b[1mui-debug.log\u001b[22m"}}
[debug] [2022-05-10T06:04:51.212Z] Web / API server started at localhost:4000
 {"metadata":{"emulator":{"name":"ui"},"message":"Web / API server started at localhost:4000\n"}}
[info] i  functions: Watching "C:\Users\PRATIK\Documents\react_js\estore\functions" for Cloud Functions... {"metadata":{"emulator":{"name":"functions"},"message":"Watching \"C:\\Users\\PRATIK\\Documents\\react_js\\estore\\functions\" for Cloud Functions..."}}
[debug] [2022-05-10T06:04:51.493Z] Validating nodejs source
[debug] [2022-05-10T06:05:09.111Z] > [functions] package.json contents: {
  "name": "functions",
  "description": "Cloud Functions for Firebase",
  "scripts": {
    "lint": "eslint .",
    "serve": "firebase emulators:start --only functions",
    "shell": "firebase functions:shell",
    "start": "npm run shell",
    "deploy": "firebase deploy --only functions",
    "logs": "firebase functions:log"
  },
  "engines": {
    "node": "16"
  },
  "main": "index.js",
  "dependencies": {
    "cors": "^2.8.5",
    "express": "^4.18.1",
    "firebase-admin": "^10.0.2",
    "firebase-functions": "^3.18.0",
    "stripe": "^8.222.0"
  },
  "devDependencies": {
    "eslint": "^8.9.0",
    "eslint-config-google": "^0.14.0",
    "firebase-functions-test": "^0.2.0"
  },
  "private": true
}
[debug] [2022-05-10T06:05:09.124Z] Building nodejs source
[debug] [2022-05-10T06:05:09.124Z] Analyzing nodejs backend spec
[info] +  functions[us-central1-api]: http function initialized (http://localhost:5001/estore-data/us-central1/api). {"metadata":{"emulator":{"name":"functions"},"message":"\u001b[1mhttp\u001b[22m function initialized (http://localhost:5001/estore-data/us-central1/api)."}}
[info] 
┌─────────────────────────────────────────────────────────────┐
│ ✔  All emulators ready! It is now safe to connect your app. │
│ i  View Emulator UI at http://localhost:4000                │
└─────────────────────────────────────────────────────────────┘

┌───────────┬────────────────┬─────────────────────────────────┐
│ Emulator  │ Host:Port      │ View in Emulator UI             │
├───────────┼────────────────┼─────────────────────────────────┤
│ Functions │ localhost:5001 │ http://localhost:4000/functions │
├───────────┼────────────────┼─────────────────────────────────┤
│ Hosting   │ localhost:5000 │ n/a                             │
└───────────┴────────────────┴─────────────────────────────────┘
  Emulator Hub running at localhost:4400
  Other reserved ports: 4500

Issues? Report them at https://github.com/firebase/firebase-tools/issues and attach the *-debug.log files.
 
