[debug] [2022-05-07T14:20:39.468Z] ----------------------------------------------------------------------
[debug] [2022-05-07T14:20:39.473Z] Command:       C:\Program Files\nodejs\node.exe C:\Users\PRATIK\AppData\Roaming\npm\node_modules\firebase-tools\lib\bin\firebase.js emulators:start
[debug] [2022-05-07T14:20:39.475Z] CLI Version:   10.8.0
[debug] [2022-05-07T14:20:39.476Z] Platform:      win32
[debug] [2022-05-07T14:20:39.476Z] Node Version:  v16.14.2
[debug] [2022-05-07T14:20:39.703Z] Time:          Sat May 07 2022 19:50:39 GMT+0530 (India Standard Time)
[debug] [2022-05-07T14:20:39.703Z] ----------------------------------------------------------------------
[debug] 
[debug] [2022-05-07T14:20:39.765Z] >>> [apiv2][query] GET https://firebase-public.firebaseio.com/cli.json [none]
[debug] [2022-05-07T14:20:40.312Z] > command requires scopes: ["email","openid","https://www.googleapis.com/auth/cloudplatformprojects.readonly","https://www.googleapis.com/auth/firebase","https://www.googleapis.com/auth/cloud-platform"]
[debug] [2022-05-07T14:20:40.313Z] > authorizing via signed-in user (pratikkajare826@gmail.com)
[info] i  emulators: Starting emulators: functions, hosting {"metadata":{"emulator":{"name":"hub"},"message":"Starting emulators: functions, hosting"}}
[debug] [2022-05-07T14:20:40.393Z] [hub] writing locator at C:\Users\PRATIK\AppData\Local\Temp\hub-estore-data.json
[warn] !  functions: The following emulators are not running, calls to these services from the Functions emulator will affect production: auth, firestore, database, pubsub, storage {"metadata":{"emulator":{"name":"functions"},"message":"The following emulators are not running, calls to these services from the Functions emulator will affect production: \u001b[1mauth, firestore, database, pubsub, storage\u001b[22m"}}
[info] +  functions: Using node@16 from host. {"metadata":{"emulator":{"name":"functions"},"message":"Using node@16 from host."}}
[debug] [2022-05-07T14:20:40.819Z] defaultcredentials: writing to file C:\Users\PRATIK\AppData\Roaming\firebase\pratikkajare826_gmail_com_application_default_credentials.json
[debug] [2022-05-07T14:20:40.836Z] Setting GAC to C:\Users\PRATIK\AppData\Roaming\firebase\pratikkajare826_gmail_com_application_default_credentials.json {"metadata":{"emulator":{"name":"functions"},"message":"Setting GAC to C:\\Users\\PRATIK\\AppData\\Roaming\\firebase\\pratikkajare826_gmail_com_application_default_credentials.json"}}
[debug] [2022-05-07T14:20:40.839Z] > refreshing access token with scopes: []
[debug] [2022-05-07T14:20:40.840Z] >>> HTTP REQUEST POST https://www.googleapis.com/oauth2/v3/token  
 <request body omitted>
[debug] [2022-05-07T14:20:41.603Z] <<< HTTP RESPONSE 200 {"date":"Sat, 07 May 2022 14:20:43 GMT","cache-control":"no-cache, no-store, max-age=0, must-revalidate","pragma":"no-cache","expires":"Mon, 01 Jan 1990 00:00:00 GMT","content-type":"application/json; charset=utf-8","vary":"X-Origin, Referer, Origin,Accept-Encoding","server":"scaffolding on HTTPServer2","x-xss-protection":"0","x-frame-options":"SAMEORIGIN","x-content-type-options":"nosniff","alt-svc":"h3=\":443\"; ma=2592000,h3-29=\":443\"; ma=2592000,h3-Q050=\":443\"; ma=2592000,h3-Q046=\":443\"; ma=2592000,h3-Q043=\":443\"; ma=2592000,quic=\":443\"; ma=2592000; v=\"46,43\"","accept-ranges":"none","transfer-encoding":"chunked"}
[debug] [2022-05-07T14:20:41.754Z] >>> [apiv2][query] GET https://firebase.googleapis.com/v1beta1/projects/estore-data/adminSdkConfig [none]
[debug] [2022-05-07T14:20:41.792Z] <<< [apiv2][status] GET https://firebase-public.firebaseio.com/cli.json 200
[debug] [2022-05-07T14:20:41.792Z] <<< [apiv2][body] GET https://firebase-public.firebaseio.com/cli.json {"cloudBuildErrorAfter":1594252800000,"cloudBuildWarnAfter":1590019200000,"defaultNode10After":1594252800000,"minVersion":"3.0.5","node8DeploysDisabledAfter":1613390400000,"node8RuntimeDisabledAfter":1615809600000,"node8WarnAfter":1600128000000}
[debug] [2022-05-07T14:20:42.667Z] <<< [apiv2][status] GET https://firebase.googleapis.com/v1beta1/projects/estore-data/adminSdkConfig 200
[debug] [2022-05-07T14:20:42.668Z] <<< [apiv2][body] GET https://firebase.googleapis.com/v1beta1/projects/estore-data/adminSdkConfig {"projectId":"estore-data","storageBucket":"estore-data.appspot.com","locationId":"us-central"}
[debug] [2022-05-07T14:20:42.756Z] >>> [apiv2][query] GET https://firebasehosting.googleapis.com/v1beta1/projects/estore-data/sites 
[debug] [2022-05-07T14:20:46.583Z] <<< [apiv2][status] GET https://firebasehosting.googleapis.com/v1beta1/projects/estore-data/sites 200
[debug] [2022-05-07T14:20:46.584Z] <<< [apiv2][body] GET https://firebasehosting.googleapis.com/v1beta1/projects/estore-data/sites {"sites":[{"name":"projects/estore-data/sites/estore-data","defaultUrl":"https://estore-data.web.app","appId":"1:563588164838:web:28271e5ba4f7d260965f27","type":"DEFAULT_SITE"}]}
[debug] [2022-05-07T14:20:46.584Z] >>> [apiv2][query] GET https://firebase.googleapis.com/v1beta1/projects/estore-data/webApps/1:563588164838:web:28271e5ba4f7d260965f27/config [none]
[debug] [2022-05-07T14:20:48.595Z] <<< [apiv2][status] GET https://firebase.googleapis.com/v1beta1/projects/estore-data/webApps/1:563588164838:web:28271e5ba4f7d260965f27/config 200
[debug] [2022-05-07T14:20:48.595Z] <<< [apiv2][body] GET https://firebase.googleapis.com/v1beta1/projects/estore-data/webApps/1:563588164838:web:28271e5ba4f7d260965f27/config {"projectId":"estore-data","appId":"1:563588164838:web:28271e5ba4f7d260965f27","storageBucket":"estore-data.appspot.com","locationId":"us-central","apiKey":"AIzaSyBTyeCrbqNRQl-jI6PjUYpxLOe0JLiEsPw","authDomain":"estore-data.firebaseapp.com","messagingSenderId":"563588164838","measurementId":"G-7016QJ8CMX"}
[info] i  hosting: Serving hosting files from: build {"metadata":{"emulator":{"name":"hosting"},"message":"Serving hosting files from: \u001b[1mbuild\u001b[22m"}}
[info] +  hosting: Local server: http://localhost:5000 {"metadata":{"emulator":{"name":"hosting"},"message":"Local server: \u001b[4m\u001b[1mhttp://localhost:5000\u001b[22m\u001b[24m"}}
[debug] [2022-05-07T14:20:50.604Z] Ignoring unsupported arg: auto_download {"metadata":{"emulator":{"name":"ui"},"message":"Ignoring unsupported arg: auto_download"}}
[debug] [2022-05-07T14:20:50.605Z] Ignoring unsupported arg: port {"metadata":{"emulator":{"name":"ui"},"message":"Ignoring unsupported arg: port"}}
[debug] [2022-05-07T14:20:50.605Z] Starting Emulator UI with command {"binary":"node","args":["C:\\Users\\PRATIK\\.cache\\firebase\\emulators\\ui-v1.6.6\\server.bundle.js"],"optionalArgs":[],"joinArgs":false} {"metadata":{"emulator":{"name":"ui"},"message":"Starting Emulator UI with command {\"binary\":\"node\",\"args\":[\"C:\\\\Users\\\\PRATIK\\\\.cache\\\\firebase\\\\emulators\\\\ui-v1.6.6\\\\server.bundle.js\"],\"optionalArgs\":[],\"joinArgs\":false}"}}
[info] i  ui: Emulator UI logging to ui-debug.log {"metadata":{"emulator":{"name":"ui"},"message":"Emulator UI logging to \u001b[1mui-debug.log\u001b[22m"}}
[debug] [2022-05-07T14:20:52.538Z] Web / API server started at localhost:4000
 {"metadata":{"emulator":{"name":"ui"},"message":"Web / API server started at localhost:4000\n"}}
[info] i  functions: Watching "C:\Users\PRATIK\Documents\react_js\estore\functions" for Cloud Functions... {"metadata":{"emulator":{"name":"functions"},"message":"Watching \"C:\\Users\\PRATIK\\Documents\\react_js\\estore\\functions\" for Cloud Functions..."}}
[debug] [2022-05-07T14:20:52.572Z] Validating nodejs source
[debug] [2022-05-07T14:22:32.688Z] > [functions] package.json contents: {
  "name": "functions",
  "description": "Cloud Functions for Firebase",
  "scripts": {
    "lint": "eslint .",
    "serve": "firebase emulators:start --only functions",
    "shell": "firebase functions:shell",
    "start": "npm run shell",
    "deploy": "firebase deploy --only functions",
    "logs": "firebase functions:log"
  },
  "engines": {
    "node": "16"
  },
  "main": "index.js",
  "dependencies": {
    "cors": "^2.8.5",
    "express": "^4.18.1",
    "firebase-admin": "^10.0.2",
    "firebase-functions": "^3.18.0",
    "stripe": "^8.222.0"
  },
  "devDependencies": {
    "eslint": "^8.9.0",
    "eslint-config-google": "^0.14.0",
    "firebase-functions-test": "^0.2.0"
  },
  "private": true
}
[debug] [2022-05-07T14:22:32.704Z] Building nodejs source
[debug] [2022-05-07T14:22:32.704Z] Analyzing nodejs backend spec
